<?xml version="1.0" encoding="UTF-8"?>
<!-- Generated by org.testng.reporters.JUnitReportReporter -->
<testsuite hostname="Lenovo-PC" name="TestCalc" tests="1" failures="0" timestamp="8 Oct 2015 08:48:35 GMT" time="10.593" errors="0">
  <testcase name="addContact" time="10.593" classname="TestCalc"/>
</testsuite> <!-- TestCalc -->
