<?xml version="1.0" encoding="UTF-8"?>
<!-- Generated by org.testng.reporters.JUnitReportReporter -->
<testsuite hostname="Lenovo-PC" name="com.merry.android.BaiLian2" tests="1" failures="0" timestamp="8 Oct 2015 08:55:07 GMT" time="9.944" errors="0">
  <testcase name="addContact" time="9.944" classname="com.merry.android.BaiLian2"/>
</testsuite> <!-- com.merry.android.BaiLian2 -->
