<?xml version="1.0" encoding="UTF-8"?>
<!-- Generated by org.testng.reporters.JUnitReportReporter -->
<testsuite hostname="Lenovo-PC" name="com.merry.android.blemall.FirstPageLoad_01" tests="1" failures="0" timestamp="3 Nov 2015 04:39:05 GMT" time="113.514" errors="0">
  <testcase name="firstPageLoad" time="113.514" classname="com.merry.android.blemall.FirstPageLoad_01"/>
</testsuite> <!-- com.merry.android.blemall.FirstPageLoad_01 -->
