<?xml version="1.0" encoding="UTF-8"?>
<!-- Generated by org.testng.reporters.JUnitReportReporter -->
<testsuite hostname="Lenovo-PC" name="com.merry.android.blemall.SearchGoods_05" tests="1" failures="0" timestamp="2 Nov 2015 04:46:34 GMT" time="122.104" errors="0">
  <testcase name="searchGoods" time="122.104" classname="com.merry.android.blemall.SearchGoods_05"/>
</testsuite> <!-- com.merry.android.blemall.SearchGoods_05 -->
