<?xml version="1.0" encoding="UTF-8"?>
<!-- Generated by org.testng.reporters.JUnitReportReporter -->
<testsuite hostname="Lenovo-PC" name="com.merry.android.blemall.BLAndroidTest" tests="3" failures="0" timestamp="3 Nov 2015 05:54:34 GMT" time="55.045" errors="0">
  <testcase name="firstPageLoad" time="9.510" classname="com.merry.android.blemall.BLAndroidTest"/>
  <testcase name="searchGoods" time="15.418" classname="com.merry.android.blemall.BLAndroidTest"/>
  <testcase name="loginBaiLian" time="30.117" classname="com.merry.android.blemall.BLAndroidTest"/>
</testsuite> <!-- com.merry.android.blemall.BLAndroidTest -->
