<?xml version="1.0" encoding="UTF-8"?>
<!-- Generated by org.testng.reporters.JUnitReportReporter -->
<testsuite hostname="Lenovo-PC" name="com.merry.android.blemall.LoginBaiLian" tests="1" failures="0" timestamp="16 Oct 2015 05:36:51 GMT" time="27.374" errors="0">
  <testcase name="loginBaiLian" time="27.374" classname="com.merry.android.blemall.LoginBaiLian"/>
</testsuite> <!-- com.merry.android.blemall.LoginBaiLian -->
